<?xml version="1.0" encoding="UTF-8"?>
<testng-results ignored="0" total="1" passed="1" failed="0" skipped="0">
  <reporter-output>
  </reporter-output>
  <suite started-at="2024-08-27T00:12:54 IST" name="AdminLogin" finished-at="2024-08-27T00:13:15 IST" duration-ms="21255">
    <groups>
    </groups>
    <test started-at="2024-08-27T00:12:54 IST" name="Verify_admin_Login" finished-at="2024-08-27T00:13:15 IST" duration-ms="21255">
      <class name="com.Test.VerifyAdmin_Login">
        <test-method is-config="true" signature="beforeSuite()[pri:0, instance:com.Test.VerifyAdmin_Login@70ed52de]" started-at="2024-08-27T00:12:53 IST" name="beforeSuite" finished-at="2024-08-27T00:12:54 IST" duration-ms="878" status="PASS">
          <reporter-output>
          </reporter-output>
        </test-method> <!-- beforeSuite -->
        <test-method is-config="true" signature="setup(java.lang.String)[pri:0, instance:com.Test.VerifyAdmin_Login@70ed52de]" started-at="2024-08-27T00:12:54 IST" name="setup" finished-at="2024-08-27T00:13:13 IST" duration-ms="18844" status="PASS">
          <params>
            <param index="0">
              <value>
                <![CDATA[https://s3test2.remedi.co.in/RemediPRMS/pages/common/login.jsp]]>
              </value>
            </param>
          </params>
          <reporter-output>
          </reporter-output>
        </test-method> <!-- setup -->
        <test-method signature="ValidateAdmin_LoginWithValidCredentials()[pri:0, instance:com.Test.VerifyAdmin_Login@70ed52de]" started-at="2024-08-27T00:13:13 IST" name="ValidateAdmin_LoginWithValidCredentials" finished-at="2024-08-27T00:13:15 IST" duration-ms="1540" status="PASS">
          <reporter-output>
          </reporter-output>
        </test-method> <!-- ValidateAdmin_LoginWithValidCredentials -->
        <test-method is-config="true" signature="tearDown()[pri:0, instance:com.Test.VerifyAdmin_Login@70ed52de]" started-at="2024-08-27T00:13:15 IST" name="tearDown" finished-at="2024-08-27T00:13:15 IST" duration-ms="251" status="PASS">
          <reporter-output>
          </reporter-output>
        </test-method> <!-- tearDown -->
      </class> <!-- com.Test.VerifyAdmin_Login -->
    </test> <!-- Verify_admin_Login -->
  </suite> <!-- AdminLogin -->
</testng-results>
