<?xml version="1.0" encoding="UTF-8"?>
<testng-results ignored="0" total="2" passed="2" failed="0" skipped="0">
  <reporter-output>
  </reporter-output>
  <suite started-at="2024-08-19T21:42:36 IST" name="LoginSuite" finished-at="2024-08-19T21:42:59 IST" duration-ms="23324">
    <groups>
    </groups>
    <test started-at="2024-08-19T21:42:36 IST" name="VerifyLoginTest_staging" finished-at="2024-08-19T21:42:51 IST" duration-ms="14804">
      <class name="com.Test.Verify_LoginTest">
        <test-method is-config="true" signature="setup(java.lang.String)[pri:0, instance:com.Test.Verify_LoginTest@5386659f]" started-at="2024-08-19T21:42:36 IST" name="setup" finished-at="2024-08-19T21:42:47 IST" duration-ms="11450" status="PASS">
          <params>
            <param index="0">
              <value>
                <![CDATA[https://s3test2.remedi.co.in/RemediPRMS/pages/common/login.jsp]]>
              </value>
            </param>
          </params>
          <reporter-output>
          </reporter-output>
        </test-method> <!-- setup -->
        <test-method signature="verify_loginwithValidCredentials()[pri:0, instance:com.Test.Verify_LoginTest@5386659f]" started-at="2024-08-19T21:42:47 IST" name="verify_loginwithValidCredentials" finished-at="2024-08-19T21:42:49 IST" duration-ms="1915" status="PASS">
          <reporter-output>
          </reporter-output>
        </test-method> <!-- verify_loginwithValidCredentials -->
        <test-method is-config="true" signature="tearDown()[pri:0, instance:com.Test.Verify_LoginTest@5386659f]" started-at="2024-08-19T21:42:50 IST" name="tearDown" finished-at="2024-08-19T21:42:51 IST" duration-ms="332" status="PASS">
          <reporter-output>
          </reporter-output>
        </test-method> <!-- tearDown -->
      </class> <!-- com.Test.Verify_LoginTest -->
    </test> <!-- VerifyLoginTest_staging -->
    <test started-at="2024-08-19T21:42:51 IST" name="VerifyLoginTest_live" finished-at="2024-08-19T21:42:59 IST" duration-ms="8016">
      <class name="com.Test.Verify_LoginTest">
        <test-method is-config="true" signature="beforeSuite()[pri:0, instance:com.Test.Verify_LoginTest@52f27fbd]" started-at="2024-08-19T21:42:35 IST" name="beforeSuite" finished-at="2024-08-19T21:42:36 IST" duration-ms="955" status="PASS">
          <reporter-output>
          </reporter-output>
        </test-method> <!-- beforeSuite -->
        <test-method is-config="true" signature="setup(java.lang.String)[pri:0, instance:com.Test.Verify_LoginTest@52f27fbd]" started-at="2024-08-19T21:42:51 IST" name="setup" finished-at="2024-08-19T21:42:58 IST" duration-ms="6570" status="PASS">
          <params>
            <param index="0">
              <value>
                <![CDATA[https://live-admin.remedi.co.in/RemediPRMS/pages/common/login.jsp]]>
              </value>
            </param>
          </params>
          <reporter-output>
          </reporter-output>
        </test-method> <!-- setup -->
        <test-method signature="verify_loginwithValidCredentials()[pri:0, instance:com.Test.Verify_LoginTest@52f27fbd]" started-at="2024-08-19T21:42:58 IST" name="verify_loginwithValidCredentials" finished-at="2024-08-19T21:42:58 IST" duration-ms="606" status="PASS">
          <reporter-output>
          </reporter-output>
        </test-method> <!-- verify_loginwithValidCredentials -->
        <test-method is-config="true" signature="tearDown()[pri:0, instance:com.Test.Verify_LoginTest@52f27fbd]" started-at="2024-08-19T21:42:59 IST" name="tearDown" finished-at="2024-08-19T21:42:59 IST" duration-ms="210" status="PASS">
          <reporter-output>
          </reporter-output>
        </test-method> <!-- tearDown -->
      </class> <!-- com.Test.Verify_LoginTest -->
    </test> <!-- VerifyLoginTest_live -->
  </suite> <!-- LoginSuite -->
</testng-results>
